[35m[Appium][39m Welcome to Appium v1.22.3
[35m[Appium][39m Non-default server args:
[35m[Appium][39m   port: 56995
[35m[Appium][39m   loglevel: info
[35m[Appium][39m   tmpDir: C:\Users\wahyu\AppData\Local\Temp\\Katalon\Appium\Temp1682672512469
[35m[Appium][39m   chromedriverPort: 56996
[35m[Appium][39m Deprecated server args:
[35m[Appium][39m   [31m--chromedriver-port[39m => --default-capabilities
[35m[Appium][39m Default capabilities, which will be added to each request unless overridden by desired capabilities:
[35m[Appium][39m   chromedriverPort: 56996
[35m[Appium][39m Appium REST http interface listener started on 0.0.0.0:56995
[35m[HTTP][39m [37m-->[39m [37mGET[39m [37m/wd/hub/status[39m
[35m[HTTP][39m [90m{}[39m
[35m[HTTP][39m [37m<-- GET /wd/hub/status [39m[32m200[39m [90m3 ms - 68[39m
[35m[HTTP][39m [90m[39m
[35m[HTTP][39m [37m-->[39m [37mGET[39m [37m/wd/hub/status[39m
[35m[HTTP][39m [90m{}[39m
[35m[HTTP][39m [37m<-- GET /wd/hub/status [39m[32m200[39m [90m1 ms - 68[39m
[35m[HTTP][39m [90m[39m
[35m[HTTP][39m [37m-->[39m [37mPOST[39m [37m/wd/hub/session[39m
[35m[HTTP][39m [90m{"desiredCapabilities":{"appActivity":".Settings","appPackage":"com.android.settings","newCommandTimeout":1800,"platformVersion":"10","automationName":"uiautomator2","autoGrantPermissions":true,"platformName":"Android","udid":"emulator-5554","deviceName":"emulator-5554 (Android SDK built for x86 - Android 10)","platform":"ANDROID","systemPort":8267},"capabilities":{"firstMatch":[{"appium:appActivity":".Settings","appium:appPackage":"com.android.settings","appium:autoGrantPermissions":true,"appium:automationName":"uiautomator2","appium:deviceName":"emulator-5554 (Android SDK built for x86 - Android 10)","appium:newCommandTimeout":1800,"platform":"ANDROID","platformName":"android","appium:platformVersion":"10","appium:systemPort":8267,"appium:udid":"emulator-5554"}]}}[39m
[35m[BaseDriver][39m The following capabilities are not standard capabilities and should have an extension prefix:
[35m[BaseDriver][39m   platform
[35m[BaseDriver][39m   chromedriverPort
[35m[Appium][39m Appium v1.22.3 creating new AndroidUiautomator2Driver (v1.70.1) session
[35m[BaseDriver][39m The following capabilities were provided, but are not recognized by Appium:
[35m[BaseDriver][39m   platform
[35m[BaseDriver][39m Session created with session id: 39ee5e3f-4b88-4660-8188-666f3f4ae86c
[35m[UiAutomator2][39m Starting 'com.android.settings' directly on the device
[35m[ADB][39m Found 2 'build-tools' folders under 'C:\Users\wahyu\AppData\Local\Android\Sdk' (newest first):
[35m[ADB][39m     C:/Users/wahyu/AppData/Local/Android/Sdk/build-tools/33.0.2
[35m[ADB][39m     C:/Users/wahyu/AppData/Local/Android/Sdk/build-tools/30.0.3
[35m[ADB][39m Using 'adb.exe' from 'C:\Users\wahyu\AppData\Local\Android\Sdk\platform-tools\adb.exe'
[35m[AndroidDriver][39m Retrieving device list
[35m[AndroidDriver][39m Using device: emulator-5554
[35m[ADB][39m Using 'adb.exe' from 'C:\Users\wahyu\AppData\Local\Android\Sdk\platform-tools\adb.exe'
[35m[ADB][39m Getting device platform version
[35m[UiAutomator2][39m Relaxing hidden api policy
[35m[AndroidDriver][39m No app sent in, not parsing package/activity
[35m[ADB][39m Using 'apksigner.jar' from 'C:\Users\wahyu\AppData\Local\Android\Sdk\build-tools\33.0.2\lib\apksigner.jar'
[35m[ADB][39m 'C:\Users\wahyu\AppData\Roaming\npm\node_modules\appium\node_modules\appium-uiautomator2-server\apks\appium-uiautomator2-server-v4.27.0.apk' is signed with the default certificate
[35m[ADB][39m 'C:\Users\wahyu\AppData\Roaming\npm\node_modules\appium\node_modules\appium-uiautomator2-server\apks\appium-uiautomator2-server-debug-androidTest.apk' is signed with the default certificate
[35m[UiAutomator2][39m Server packages are not going to be (re)installed
[35m[ADB][39m Adding packages ["io.appium.settings","io.appium.uiautomator2.server","io.appium.uiautomator2.server.test"] to Doze whitelist
[35m[UiAutomator2][39m Starting UIAutomator2 server 4.27.0
[35m[UiAutomator2][39m Using UIAutomator2 server from 'C:\Users\wahyu\AppData\Roaming\npm\node_modules\appium\node_modules\appium-uiautomator2-server\apks\appium-uiautomator2-server-v4.27.0.apk' and test from 'C:\Users\wahyu\AppData\Roaming\npm\node_modules\appium\node_modules\appium-uiautomator2-server\apks\appium-uiautomator2-server-debug-androidTest.apk'
[35m[UiAutomator2][39m Waiting up to 30000ms for UiAutomator2 to be online...
[35m[WD Proxy][39m socket hang up
[35m[WD Proxy][39m socket hang up
[35m[WD Proxy][39m Determined the downstream protocol as 'W3C'
[35m[AndroidDriver][39m Screen already unlocked, doing nothing
[35m[UiAutomator2][39m Starting 'com.android.settings/.Settings and waiting for 'com.android.settings/.Settings'
[35m[Appium][39m New AndroidUiautomator2Driver session created successfully, session 39ee5e3f-4b88-4660-8188-666f3f4ae86c added to master session list
[35m[HTTP][39m [37m<-- POST /wd/hub/session [39m[32m200[39m [90m4943 ms - 1207[39m
[35m[HTTP][39m [90m[39m
[35m[HTTP][39m [37m-->[39m [37mGET[39m [37m/wd/hub/session/39ee5e3f-4b88-4660-8188-666f3f4ae86c[39m
[35m[HTTP][39m [90m{}[39m
[35m[HTTP][39m [37m<-- GET /wd/hub/session/39ee5e3f-4b88-4660-8188-666f3f4ae86c [39m[32m200[39m [90m8 ms - 1161[39m
[35m[HTTP][39m [90m[39m
[35m[HTTP][39m [37m-->[39m [37mGET[39m [37m/wd/hub/session/39ee5e3f-4b88-4660-8188-666f3f4ae86c[39m
[35m[HTTP][39m [90m{}[39m
[35m[HTTP][39m [37m<-- GET /wd/hub/session/39ee5e3f-4b88-4660-8188-666f3f4ae86c [39m[32m200[39m [90m5 ms - 1161[39m
[35m[HTTP][39m [90m[39m
[35m[HTTP][39m [37m-->[39m [37mGET[39m [37m/wd/hub/status[39m
[35m[HTTP][39m [90m{}[39m
[35m[HTTP][39m [37m<-- GET /wd/hub/status [39m[32m200[39m [90m1 ms - 68[39m
[35m[HTTP][39m [90m[39m
[35m[HTTP][39m [37m-->[39m [37mPOST[39m [37m/wd/hub/session/39ee5e3f-4b88-4660-8188-666f3f4ae86c/timeouts[39m
[35m[HTTP][39m [90m{"implicit":60000}[39m
[35m[HTTP][39m [37m<-- POST /wd/hub/session/39ee5e3f-4b88-4660-8188-666f3f4ae86c/timeouts [39m[32m200[39m [90m1 ms - 14[39m
[35m[HTTP][39m [90m[39m
[35m[HTTP][39m [37m-->[39m [37mGET[39m [37m/wd/hub/session/39ee5e3f-4b88-4660-8188-666f3f4ae86c/screenshot[39m
[35m[HTTP][39m [90m{}[39m
[35m[HTTP][39m [37m<-- GET /wd/hub/session/39ee5e3f-4b88-4660-8188-666f3f4ae86c/screenshot [39m[32m200[39m [90m272 ms - 150474[39m
[35m[HTTP][39m [90m[39m
[35m[HTTP][39m [37m-->[39m [37mGET[39m [37m/wd/hub/session/39ee5e3f-4b88-4660-8188-666f3f4ae86c/window/rect[39m
[35m[HTTP][39m [90m{}[39m
[35m[HTTP][39m [37m<-- GET /wd/hub/session/39ee5e3f-4b88-4660-8188-666f3f4ae86c/window/rect [39m[32m200[39m [90m31 ms - 50[39m
[35m[HTTP][39m [90m[39m
[35m[HTTP][39m [37m-->[39m [37mGET[39m [37m/wd/hub/session/39ee5e3f-4b88-4660-8188-666f3f4ae86c/appium/device/system_bars[39m
[35m[HTTP][39m [90m{}[39m
[35m[HTTP][39m [37m<-- GET /wd/hub/session/39ee5e3f-4b88-4660-8188-666f3f4ae86c/appium/device/system_bars [39m[32m200[39m [90m37 ms - 148[39m
[35m[HTTP][39m [90m[39m
[35m[HTTP][39m [37m-->[39m [37mPOST[39m [37m/wd/hub/session/39ee5e3f-4b88-4660-8188-666f3f4ae86c/appium/device/activate_app[39m
[35m[HTTP][39m [90m{"bundleId":"com.uniqlo.id.catalogue"}[39m
[35m[HTTP][39m [37m<-- POST /wd/hub/session/39ee5e3f-4b88-4660-8188-666f3f4ae86c/appium/device/activate_app [39m[32m200[39m [90m313 ms - 14[39m
[35m[HTTP][39m [90m[39m
[35m[HTTP][39m [37m-->[39m [37mGET[39m [37m/wd/hub/session/39ee5e3f-4b88-4660-8188-666f3f4ae86c/source[39m
[35m[HTTP][39m [90m{}[39m
[35m[W3C (39ee5e3f)][39m Driver proxy active, passing request on via HTTP proxy
[35m[WD Proxy][39m Replacing sessionId 4f7b3e7b-19d7-4a22-8943-d41211aa545f with 39ee5e3f-4b88-4660-8188-666f3f4ae86c
[35m[HTTP][39m [37m<-- GET /wd/hub/session/39ee5e3f-4b88-4660-8188-666f3f4ae86c/source [39m[32m200[39m [90m577 ms - 23965[39m
[35m[HTTP][39m [90m[39m
[35m[HTTP][39m [37m-->[39m [37mGET[39m [37m/wd/hub/session/39ee5e3f-4b88-4660-8188-666f3f4ae86c/screenshot[39m
[35m[HTTP][39m [90m{}[39m
[35m[HTTP][39m [37m<-- GET /wd/hub/session/39ee5e3f-4b88-4660-8188-666f3f4ae86c/screenshot [39m[32m200[39m [90m346 ms - 44872[39m
[35m[HTTP][39m [90m[39m
[35m[HTTP][39m [37m-->[39m [37mGET[39m [37m/wd/hub/session/39ee5e3f-4b88-4660-8188-666f3f4ae86c/source[39m
[35m[HTTP][39m [90m{}[39m
[35m[W3C (39ee5e3f)][39m Driver proxy active, passing request on via HTTP proxy
[35m[WD Proxy][39m Replacing sessionId 4f7b3e7b-19d7-4a22-8943-d41211aa545f with 39ee5e3f-4b88-4660-8188-666f3f4ae86c
[35m[HTTP][39m [37m<-- GET /wd/hub/session/39ee5e3f-4b88-4660-8188-666f3f4ae86c/source [39m[32m200[39m [90m143 ms - 26940[39m
[35m[HTTP][39m [90m[39m
[35m[HTTP][39m [37m-->[39m [37mGET[39m [37m/wd/hub/session/39ee5e3f-4b88-4660-8188-666f3f4ae86c/screenshot[39m
[35m[HTTP][39m [90m{}[39m
[35m[HTTP][39m [37m<-- GET /wd/hub/session/39ee5e3f-4b88-4660-8188-666f3f4ae86c/screenshot [39m[32m200[39m [90m181 ms - 217194[39m
[35m[HTTP][39m [90m[39m
[35m[HTTP][39m [37m-->[39m [37mPOST[39m [37m/wd/hub/session/39ee5e3f-4b88-4660-8188-666f3f4ae86c/elements[39m
[35m[HTTP][39m [90m{"using":"xpath","value":"//*[@class = 'android.view.View' and (@text = 'Password must be 8 – 20 letters, and contain both letters and numbers; optionally symbols shown here can be used: - _ . @' or . = 'Password must be 8 – 20 letters, and contain both letters and numbers; optionally symbols shown here can be used: - _ . @')]"}[39m
[35m[HTTP][39m [37m<-- POST /wd/hub/session/39ee5e3f-4b88-4660-8188-666f3f4ae86c/elements [39m[32m200[39m [90m311 ms - 139[39m
[35m[HTTP][39m [90m[39m
[35m[HTTP][39m [37m-->[39m [37mPOST[39m [37m/wd/hub/session/39ee5e3f-4b88-4660-8188-666f3f4ae86c/elements[39m
[35m[HTTP][39m [90m{"using":"xpath","value":"//*[@class = 'android.view.View' and (@text = 'Password must be 8 – 20 letters, and contain both letters and numbers; optionally symbols shown here can be used: - _ . @' or . = 'Password must be 8 – 20 letters, and contain both letters and numbers; optionally symbols shown here can be used: - _ . @')]"}[39m
[35m[HTTP][39m [37m<-- POST /wd/hub/session/39ee5e3f-4b88-4660-8188-666f3f4ae86c/elements [39m[32m200[39m [90m97 ms - 139[39m
[35m[HTTP][39m [90m[39m
